2018-12-02 10:08:22.408  INFO 131344 --- [main] c.l.singledsweb.SingledswebApplication   : Starting SingledswebApplication on DESKTOP-5DGV3M5 with PID 131344 (E:\JavaDev\ij_android_sp\LarkClond\Demo\singledsweb\target\classes started by Smile.Li in E:\JavaDev\ij_android_sp\LarkClond)
2018-12-02 10:08:22.445  INFO 131344 --- [main] c.l.singledsweb.SingledswebApplication   : The following profiles are active: dev
2018-12-02 10:08:26.177  INFO 131344 --- [main] .s.d.r.c.RepositoryConfigurationDelegate : Multiple Spring Data modules found, entering strict repository configuration mode!
2018-12-02 10:08:26.183  INFO 131344 --- [main] .s.d.r.c.RepositoryConfigurationDelegate : Bootstrapping Spring Data repositories in DEFAULT mode.
2018-12-02 10:08:26.286  INFO 131344 --- [main] .s.d.r.c.RepositoryConfigurationDelegate : Finished Spring Data repository scanning in 51ms. Found 0 repository interfaces.
2018-12-02 10:08:27.245  INFO 131344 --- [main] trationDelegate$BeanPostProcessorChecker : Bean 'org.springframework.transaction.annotation.ProxyTransactionManagementConfiguration' of type [org.springframework.transaction.annotation.ProxyTransactionManagementConfiguration$$EnhancerBySpringCGLIB$$16db4560] is not eligible for getting processed by all BeanPostProcessors (for example: not eligible for auto-proxying)
2018-12-02 10:08:28.203  INFO 131344 --- [main] o.s.b.w.embedded.tomcat.TomcatWebServer  : Tomcat initialized with port(s): 8080 (http)
2018-12-02 10:08:28.247  INFO 131344 --- [main] o.apache.catalina.core.StandardService   : Starting service [Tomcat]
2018-12-02 10:08:28.247  INFO 131344 --- [main] org.apache.catalina.core.StandardEngine  : Starting Servlet Engine: Apache Tomcat/9.0.12
2018-12-02 10:08:28.271  INFO 131344 --- [main] o.a.catalina.core.AprLifecycleListener   : The APR based Apache Tomcat Native library which allows optimal performance in production environments was not found on the java.library.path: [C:\Program Files\Java\jdk1.8.0_92\bin;C:\WINDOWS\Sun\Java\bin;C:\WINDOWS\system32;C:\WINDOWS;C:\ProgramData\Oracle\Java\javapath;C:\Program Files (x86)\Intel\iCLS Client\;C:\Program Files\Intel\iCLS Client\;C:\WINDOWS\system32;C:\WINDOWS;C:\WINDOWS\System32\Wbem;C:\WINDOWS\System32\WindowsPowerShell\v1.0\;C:\Program Files (x86)\Intel\Intel(R) Management Engine Components\DAL;C:\Program Files\Intel\Intel(R) Management Engine Components\DAL;C:\Program Files (x86)\Intel\Intel(R) Management Engine Components\IPT;C:\Program Files\Intel\Intel(R) Management Engine Components\IPT;C:\Program Files (x86)\ATI Technologies\ATI.ACE\Core-Static;C:\Program Files (x86)\Common Files\lenovo\easyplussdk\bin;C:\Program Files (x86)\AOMEI Backupper 2.1;C:\Program Files\Java\jdk1.8.0_92\bin;E:\JavaDev\apache-maven-3.1.1\bin;D:\gradle-2.14-all\gradle-2.14\bin;E:\installed\svn\bin;%MYSQL_HOME%\bin;C:\Program Files\MySQL\MySQL Utilities 1.6\;C:\Program Files\Intel\WiFi\bin\;C:\Program Files\Common Files\Intel\WirelessCommon\;C:\Program Files\MySQL\MySQL Server 6.0\bin;C:\WINDOWS\System32\OpenSSH\;E:\installed\Git\cmd;E:\installed\Ruby23-x64\bin;E:\JavaDev\Tesseract-OCR;C:\Users\Smile.Li\AppData\Local\Microsoft\WindowsApps;;.]
2018-12-02 10:08:28.488  INFO 131344 --- [main] o.a.c.c.C.[Tomcat].[localhost].[/web]    : Initializing Spring embedded WebApplicationContext
2018-12-02 10:08:28.489  INFO 131344 --- [main] o.s.web.context.ContextLoader            : Root WebApplicationContext: initialization completed in 5605 ms
2018-12-02 10:08:29.296  INFO 131344 --- [main] o.s.b.w.servlet.FilterRegistrationBean   : Mapping filter: 'characterEncodingFilter' to: [/*]
2018-12-02 10:08:29.296  INFO 131344 --- [main] o.s.b.w.servlet.FilterRegistrationBean   : Mapping filter: 'sessionRepositoryFilter' to: [/*]
2018-12-02 10:08:29.296  INFO 131344 --- [main] o.s.b.w.servlet.FilterRegistrationBean   : Mapping filter: 'hiddenHttpMethodFilter' to: [/*]
2018-12-02 10:08:29.297  INFO 131344 --- [main] o.s.b.w.servlet.FilterRegistrationBean   : Mapping filter: 'formContentFilter' to: [/*]
2018-12-02 10:08:29.297  INFO 131344 --- [main] o.s.b.w.servlet.FilterRegistrationBean   : Mapping filter: 'requestContextFilter' to: [/*]
2018-12-02 10:08:29.298  INFO 131344 --- [main] .s.DelegatingFilterProxyRegistrationBean : Mapping filter: 'springSecurityFilterChain' to: [/*]
2018-12-02 10:08:29.298  INFO 131344 --- [main] o.s.b.w.servlet.ServletRegistrationBean  : Servlet dispatcherServlet mapped to [/]
2018-12-02 10:08:30.759  INFO 131344 --- [main] io.lettuce.core.EpollProvider            : Starting without optional epoll library
2018-12-02 10:08:30.762  INFO 131344 --- [main] io.lettuce.core.KqueueProvider           : Starting without optional kqueue library
2018-12-02 10:08:32.499  WARN 131344 --- [main] ConfigServletWebServerApplicationContext : Exception encountered during context initialization - cancelling refresh attempt: org.springframework.beans.factory.BeanCreationException: Error creating bean with name 'enableRedisKeyspaceNotificationsInitializer' defined in class path resource [org/springframework/session/data/redis/config/annotation/web/http/RedisHttpSessionConfiguration.class]: Invocation of init method failed; nested exception is org.springframework.data.redis.RedisConnectionFailureException: Unable to connect to Redis; nested exception is io.lettuce.core.RedisConnectionException: Unable to connect to 127.0.0.1:6379
2018-12-02 10:08:33.846  INFO 131344 --- [main] o.apache.catalina.core.StandardService   : Stopping service [Tomcat]
2018-12-02 10:08:34.007  INFO 131344 --- [main] ConditionEvaluationReportLoggingListener : 

Error starting ApplicationContext. To display the conditions report re-run your application with 'debug' enabled.
2018-12-02 10:08:34.058 ERROR 131344 --- [main] o.s.boot.SpringApplication               : Application run failed

org.springframework.beans.factory.BeanCreationException: Error creating bean with name 'enableRedisKeyspaceNotificationsInitializer' defined in class path resource [org/springframework/session/data/redis/config/annotation/web/http/RedisHttpSessionConfiguration.class]: Invocation of init method failed; nested exception is org.springframework.data.redis.RedisConnectionFailureException: Unable to connect to Redis; nested exception is io.lettuce.core.RedisConnectionException: Unable to connect to 127.0.0.1:6379
	at org.springframework.beans.factory.support.AbstractAutowireCapableBeanFactory.initializeBean(AbstractAutowireCapableBeanFactory.java:1745) ~[spring-beans-5.1.2.RELEASE.jar:5.1.2.RELEASE]
	at org.springframework.beans.factory.support.AbstractAutowireCapableBeanFactory.doCreateBean(AbstractAutowireCapableBeanFactory.java:576) ~[spring-beans-5.1.2.RELEASE.jar:5.1.2.RELEASE]
	at org.springframework.beans.factory.support.AbstractAutowireCapableBeanFactory.createBean(AbstractAutowireCapableBeanFactory.java:498) ~[spring-beans-5.1.2.RELEASE.jar:5.1.2.RELEASE]
	at org.springframework.beans.factory.support.AbstractBeanFactory.lambda$doGetBean$0(AbstractBeanFactory.java:320) ~[spring-beans-5.1.2.RELEASE.jar:5.1.2.RELEASE]
	at org.springframework.beans.factory.support.DefaultSingletonBeanRegistry.getSingleton(DefaultSingletonBeanRegistry.java:222) ~[spring-beans-5.1.2.RELEASE.jar:5.1.2.RELEASE]
	at org.springframework.beans.factory.support.AbstractBeanFactory.doGetBean(AbstractBeanFactory.java:318) ~[spring-beans-5.1.2.RELEASE.jar:5.1.2.RELEASE]
	at org.springframework.beans.factory.support.AbstractBeanFactory.getBean(AbstractBeanFactory.java:199) ~[spring-beans-5.1.2.RELEASE.jar:5.1.2.RELEASE]
	at org.springframework.beans.factory.support.DefaultListableBeanFactory.preInstantiateSingletons(DefaultListableBeanFactory.java:846) ~[spring-beans-5.1.2.RELEASE.jar:5.1.2.RELEASE]
	at org.springframework.context.support.AbstractApplicationContext.finishBeanFactoryInitialization(AbstractApplicationContext.java:863) ~[spring-context-5.1.2.RELEASE.jar:5.1.2.RELEASE]
	at org.springframework.context.support.AbstractApplicationContext.refresh(AbstractApplicationContext.java:546) ~[spring-context-5.1.2.RELEASE.jar:5.1.2.RELEASE]
	at org.springframework.boot.web.servlet.context.ServletWebServerApplicationContext.refresh(ServletWebServerApplicationContext.java:140) ~[spring-boot-2.1.0.RELEASE.jar:2.1.0.RELEASE]
	at org.springframework.boot.SpringApplication.refresh(SpringApplication.java:775) [spring-boot-2.1.0.RELEASE.jar:2.1.0.RELEASE]
	at org.springframework.boot.SpringApplication.refreshContext(SpringApplication.java:397) [spring-boot-2.1.0.RELEASE.jar:2.1.0.RELEASE]
	at org.springframework.boot.SpringApplication.run(SpringApplication.java:316) [spring-boot-2.1.0.RELEASE.jar:2.1.0.RELEASE]
	at org.springframework.boot.SpringApplication.run(SpringApplication.java:1260) [spring-boot-2.1.0.RELEASE.jar:2.1.0.RELEASE]
	at org.springframework.boot.SpringApplication.run(SpringApplication.java:1248) [spring-boot-2.1.0.RELEASE.jar:2.1.0.RELEASE]
	at com.lark.singledsweb.SingledswebApplication.main(SingledswebApplication.java:14) [classes/:na]
Caused by: org.springframework.data.redis.RedisConnectionFailureException: Unable to connect to Redis; nested exception is io.lettuce.core.RedisConnectionException: Unable to connect to 127.0.0.1:6379
	at org.springframework.data.redis.connection.lettuce.LettuceConnectionFactory$SharedConnection.getNativeConnection(LettuceConnectionFactory.java:1092) ~[spring-data-redis-2.1.2.RELEASE.jar:2.1.2.RELEASE]
	at org.springframework.data.redis.connection.lettuce.LettuceConnectionFactory$SharedConnection.getConnection(LettuceConnectionFactory.java:1065) ~[spring-data-redis-2.1.2.RELEASE.jar:2.1.2.RELEASE]
	at org.springframework.data.redis.connection.lettuce.LettuceConnectionFactory.getSharedConnection(LettuceConnectionFactory.java:865) ~[spring-data-redis-2.1.2.RELEASE.jar:2.1.2.RELEASE]
	at org.springframework.data.redis.connection.lettuce.LettuceConnectionFactory.getConnection(LettuceConnectionFactory.java:340) ~[spring-data-redis-2.1.2.RELEASE.jar:2.1.2.RELEASE]
	at org.springframework.session.data.redis.config.annotation.web.http.RedisHttpSessionConfiguration$EnableRedisKeyspaceNotificationsInitializer.afterPropertiesSet(RedisHttpSessionConfiguration.java:302) ~[spring-session-data-redis-2.1.1.RELEASE.jar:2.1.1.RELEASE]
	at org.springframework.beans.factory.support.AbstractAutowireCapableBeanFactory.invokeInitMethods(AbstractAutowireCapableBeanFactory.java:1804) ~[spring-beans-5.1.2.RELEASE.jar:5.1.2.RELEASE]
	at org.springframework.beans.factory.support.AbstractAutowireCapableBeanFactory.initializeBean(AbstractAutowireCapableBeanFactory.java:1741) ~[spring-beans-5.1.2.RELEASE.jar:5.1.2.RELEASE]
	... 16 common frames omitted
Caused by: io.lettuce.core.RedisConnectionException: Unable to connect to 127.0.0.1:6379
	at io.lettuce.core.RedisConnectionException.create(RedisConnectionException.java:78) ~[lettuce-core-5.1.2.RELEASE.jar:na]
	at io.lettuce.core.RedisConnectionException.create(RedisConnectionException.java:56) ~[lettuce-core-5.1.2.RELEASE.jar:na]
	at io.lettuce.core.AbstractRedisClient.getConnection(AbstractRedisClient.java:234) ~[lettuce-core-5.1.2.RELEASE.jar:na]
	at io.lettuce.core.RedisClient.connect(RedisClient.java:204) ~[lettuce-core-5.1.2.RELEASE.jar:na]
	at org.springframework.data.redis.connection.lettuce.StandaloneConnectionProvider.lambda$getConnection$1(StandaloneConnectionProvider.java:113) ~[spring-data-redis-2.1.2.RELEASE.jar:2.1.2.RELEASE]
	at java.util.Optional.orElseGet(Optional.java:267) ~[na:1.8.0_92]
	at org.springframework.data.redis.connection.lettuce.StandaloneConnectionProvider.getConnection(StandaloneConnectionProvider.java:113) ~[spring-data-redis-2.1.2.RELEASE.jar:2.1.2.RELEASE]
	at org.springframework.data.redis.connection.lettuce.LettuceConnectionFactory$SharedConnection.getNativeConnection(LettuceConnectionFactory.java:1085) ~[spring-data-redis-2.1.2.RELEASE.jar:2.1.2.RELEASE]
	... 22 common frames omitted
Caused by: io.netty.channel.AbstractChannel$AnnotatedConnectException: Connection refused: no further information: /127.0.0.1:6379
	at sun.nio.ch.SocketChannelImpl.checkConnect(Native Method) ~[na:1.8.0_92]
	at sun.nio.ch.SocketChannelImpl.finishConnect(SocketChannelImpl.java:717) ~[na:1.8.0_92]
	at io.netty.channel.socket.nio.NioSocketChannel.doFinishConnect(NioSocketChannel.java:327) ~[netty-transport-4.1.29.Final.jar:4.1.29.Final]
	at io.netty.channel.nio.AbstractNioChannel$AbstractNioUnsafe.finishConnect(AbstractNioChannel.java:340) ~[netty-transport-4.1.29.Final.jar:4.1.29.Final]
	at io.netty.channel.nio.NioEventLoop.processSelectedKey(NioEventLoop.java:616) ~[netty-transport-4.1.29.Final.jar:4.1.29.Final]
	at io.netty.channel.nio.NioEventLoop.processSelectedKeysOptimized(NioEventLoop.java:563) ~[netty-transport-4.1.29.Final.jar:4.1.29.Final]
	at io.netty.channel.nio.NioEventLoop.processSelectedKeys(NioEventLoop.java:480) ~[netty-transport-4.1.29.Final.jar:4.1.29.Final]
	at io.netty.channel.nio.NioEventLoop.run(NioEventLoop.java:442) ~[netty-transport-4.1.29.Final.jar:4.1.29.Final]
	at io.netty.util.concurrent.SingleThreadEventExecutor$5.run(SingleThreadEventExecutor.java:884) ~[netty-common-4.1.29.Final.jar:4.1.29.Final]
	at io.netty.util.concurrent.FastThreadLocalRunnable.run(FastThreadLocalRunnable.java:30) ~[netty-common-4.1.29.Final.jar:4.1.29.Final]
	at java.lang.Thread.run(Thread.java:745) ~[na:1.8.0_92]
Caused by: java.net.ConnectException: Connection refused: no further information
	... 11 common frames omitted

2018-12-02 20:09:22.481  INFO 140836 --- [main] c.l.singledsweb.SingledswebApplication   : Starting SingledswebApplication on DESKTOP-5DGV3M5 with PID 140836 (E:\JavaDev\ij_android_sp\LarkClond\Demo\singledsweb\target\classes started by Smile.Li in E:\JavaDev\ij_android_sp\LarkClond)
2018-12-02 20:09:22.507  INFO 140836 --- [main] c.l.singledsweb.SingledswebApplication   : The following profiles are active: dev
2018-12-02 20:09:24.129  INFO 140836 --- [main] .s.d.r.c.RepositoryConfigurationDelegate : Multiple Spring Data modules found, entering strict repository configuration mode!
2018-12-02 20:09:24.134  INFO 140836 --- [main] .s.d.r.c.RepositoryConfigurationDelegate : Bootstrapping Spring Data repositories in DEFAULT mode.
2018-12-02 20:09:24.198  INFO 140836 --- [main] .s.d.r.c.RepositoryConfigurationDelegate : Finished Spring Data repository scanning in 34ms. Found 0 repository interfaces.
2018-12-02 20:09:24.822  INFO 140836 --- [main] trationDelegate$BeanPostProcessorChecker : Bean 'org.springframework.transaction.annotation.ProxyTransactionManagementConfiguration' of type [org.springframework.transaction.annotation.ProxyTransactionManagementConfiguration$$EnhancerBySpringCGLIB$$3dae109f] is not eligible for getting processed by all BeanPostProcessors (for example: not eligible for auto-proxying)
2018-12-02 20:09:25.227  INFO 140836 --- [main] o.s.b.w.embedded.tomcat.TomcatWebServer  : Tomcat initialized with port(s): 8080 (http)
2018-12-02 20:09:25.270  INFO 140836 --- [main] o.apache.catalina.core.StandardService   : Starting service [Tomcat]
2018-12-02 20:09:25.271  INFO 140836 --- [main] org.apache.catalina.core.StandardEngine  : Starting Servlet Engine: Apache Tomcat/9.0.12
2018-12-02 20:09:25.286  INFO 140836 --- [main] o.a.catalina.core.AprLifecycleListener   : The APR based Apache Tomcat Native library which allows optimal performance in production environments was not found on the java.library.path: [C:\Program Files\Java\jdk1.8.0_92\bin;C:\WINDOWS\Sun\Java\bin;C:\WINDOWS\system32;C:\WINDOWS;C:\ProgramData\Oracle\Java\javapath;C:\Program Files (x86)\Intel\iCLS Client\;C:\Program Files\Intel\iCLS Client\;C:\WINDOWS\system32;C:\WINDOWS;C:\WINDOWS\System32\Wbem;C:\WINDOWS\System32\WindowsPowerShell\v1.0\;C:\Program Files (x86)\Intel\Intel(R) Management Engine Components\DAL;C:\Program Files\Intel\Intel(R) Management Engine Components\DAL;C:\Program Files (x86)\Intel\Intel(R) Management Engine Components\IPT;C:\Program Files\Intel\Intel(R) Management Engine Components\IPT;C:\Program Files (x86)\ATI Technologies\ATI.ACE\Core-Static;C:\Program Files (x86)\Common Files\lenovo\easyplussdk\bin;C:\Program Files (x86)\AOMEI Backupper 2.1;C:\Program Files\Java\jdk1.8.0_92\bin;E:\JavaDev\apache-maven-3.1.1\bin;D:\gradle-2.14-all\gradle-2.14\bin;E:\installed\svn\bin;%MYSQL_HOME%\bin;C:\Program Files\MySQL\MySQL Utilities 1.6\;C:\Program Files\Intel\WiFi\bin\;C:\Program Files\Common Files\Intel\WirelessCommon\;C:\Program Files\MySQL\MySQL Server 6.0\bin;C:\WINDOWS\System32\OpenSSH\;E:\installed\Git\cmd;E:\installed\Ruby23-x64\bin;E:\JavaDev\Tesseract-OCR;C:\Users\Smile.Li\AppData\Local\Microsoft\WindowsApps;;.]
2018-12-02 20:09:25.591  INFO 140836 --- [main] o.a.c.c.C.[Tomcat].[localhost].[/web]    : Initializing Spring embedded WebApplicationContext
2018-12-02 20:09:25.592  INFO 140836 --- [main] o.s.web.context.ContextLoader            : Root WebApplicationContext: initialization completed in 2915 ms
2018-12-02 20:09:26.322  INFO 140836 --- [main] o.s.b.w.servlet.FilterRegistrationBean   : Mapping filter: 'characterEncodingFilter' to: [/*]
2018-12-02 20:09:26.323  INFO 140836 --- [main] o.s.b.w.servlet.FilterRegistrationBean   : Mapping filter: 'sessionRepositoryFilter' to: [/*]
2018-12-02 20:09:26.324  INFO 140836 --- [main] o.s.b.w.servlet.FilterRegistrationBean   : Mapping filter: 'hiddenHttpMethodFilter' to: [/*]
2018-12-02 20:09:26.324  INFO 140836 --- [main] o.s.b.w.servlet.FilterRegistrationBean   : Mapping filter: 'formContentFilter' to: [/*]
2018-12-02 20:09:26.325  INFO 140836 --- [main] o.s.b.w.servlet.FilterRegistrationBean   : Mapping filter: 'requestContextFilter' to: [/*]
2018-12-02 20:09:26.326  INFO 140836 --- [main] .s.DelegatingFilterProxyRegistrationBean : Mapping filter: 'springSecurityFilterChain' to: [/*]
2018-12-02 20:09:26.326  INFO 140836 --- [main] o.s.b.w.servlet.ServletRegistrationBean  : Servlet dispatcherServlet mapped to [/]
2018-12-02 20:09:27.054  INFO 140836 --- [main] io.lettuce.core.EpollProvider            : Starting without optional epoll library
2018-12-02 20:09:27.057  INFO 140836 --- [main] io.lettuce.core.KqueueProvider           : Starting without optional kqueue library
2018-12-02 20:09:28.193  INFO 140836 --- [main] o.s.s.web.DefaultSecurityFilterChain     : Creating filter chain: Ant [pattern='/static/**'], []
2018-12-02 20:09:28.258  INFO 140836 --- [main] o.s.s.web.DefaultSecurityFilterChain     : Creating filter chain: any request, [org.springframework.security.web.context.request.async.WebAsyncManagerIntegrationFilter@5731d3a, org.springframework.security.web.context.SecurityContextPersistenceFilter@625a9c5d, org.springframework.security.web.header.HeaderWriterFilter@44be69aa, org.springframework.security.web.csrf.CsrfFilter@22f4f8f2, org.springframework.security.web.authentication.logout.LogoutFilter@5dc0ff7d, org.springframework.security.web.authentication.UsernamePasswordAuthenticationFilter@4e642ee1, org.springframework.security.web.savedrequest.RequestCacheAwareFilter@2eed37f4, org.springframework.security.web.servletapi.SecurityContextHolderAwareRequestFilter@40f35e52, org.springframework.security.web.authentication.AnonymousAuthenticationFilter@6a0f2853, org.springframework.security.web.session.SessionManagementFilter@21da4b5f, org.springframework.security.web.access.ExceptionTranslationFilter@1fd9893c, org.springframework.security.web.access.intercept.FilterSecurityInterceptor@40230eb9]
2018-12-02 20:09:28.661  INFO 140836 --- [main] o.s.s.concurrent.ThreadPoolTaskExecutor  : Initializing ExecutorService 'applicationTaskExecutor'
2018-12-02 20:09:28.915  INFO 140836 --- [main] o.s.b.a.w.s.WelcomePageHandlerMapping    : Adding welcome page template: index
2018-12-02 20:09:30.079  INFO 140836 --- [main] s.a.ScheduledAnnotationBeanPostProcessor : No TaskScheduler/ScheduledExecutorService bean found for scheduled processing
2018-12-02 20:09:30.212  INFO 140836 --- [main] o.s.b.w.embedded.tomcat.TomcatWebServer  : Tomcat started on port(s): 8080 (http) with context path '/web'
2018-12-02 20:09:30.216  INFO 140836 --- [main] c.l.singledsweb.SingledswebApplication   : Started SingledswebApplication in 9.168 seconds (JVM running for 10.708)
2018-12-02 20:10:07.322  INFO 140836 --- [http-nio-8080-exec-2] o.a.c.c.C.[Tomcat].[localhost].[/web]    : Initializing Spring DispatcherServlet 'dispatcherServlet'
2018-12-02 20:10:07.323  INFO 140836 --- [http-nio-8080-exec-2] o.s.web.servlet.DispatcherServlet        : Initializing Servlet 'dispatcherServlet'
2018-12-02 20:10:07.334  INFO 140836 --- [http-nio-8080-exec-2] o.s.web.servlet.DispatcherServlet        : Completed initialization in 10 ms
2018-12-02 20:10:20.498  INFO 140836 --- [http-nio-8080-exec-5] com.alibaba.druid.pool.DruidDataSource   : {dataSource-1} inited
2018-12-02 20:20:49.387  INFO 137704 --- [main] c.l.singledsweb.SingledswebApplication   : Starting SingledswebApplication on DESKTOP-5DGV3M5 with PID 137704 (E:\JavaDev\ij_android_sp\LarkClond\Demo\singledsweb\target\classes started by Smile.Li in E:\JavaDev\ij_android_sp\LarkClond)
2018-12-02 20:20:49.392  INFO 137704 --- [main] c.l.singledsweb.SingledswebApplication   : The following profiles are active: dev
2018-12-02 20:20:51.079  INFO 137704 --- [main] .s.d.r.c.RepositoryConfigurationDelegate : Multiple Spring Data modules found, entering strict repository configuration mode!
2018-12-02 20:20:51.082  INFO 137704 --- [main] .s.d.r.c.RepositoryConfigurationDelegate : Bootstrapping Spring Data repositories in DEFAULT mode.
2018-12-02 20:20:51.128  INFO 137704 --- [main] .s.d.r.c.RepositoryConfigurationDelegate : Finished Spring Data repository scanning in 26ms. Found 0 repository interfaces.
2018-12-02 20:20:51.698  INFO 137704 --- [main] trationDelegate$BeanPostProcessorChecker : Bean 'org.springframework.transaction.annotation.ProxyTransactionManagementConfiguration' of type [org.springframework.transaction.annotation.ProxyTransactionManagementConfiguration$$EnhancerBySpringCGLIB$$40a4a1b4] is not eligible for getting processed by all BeanPostProcessors (for example: not eligible for auto-proxying)
2018-12-02 20:20:52.131  INFO 137704 --- [main] o.s.b.w.embedded.tomcat.TomcatWebServer  : Tomcat initialized with port(s): 8080 (http)
2018-12-02 20:20:52.153  INFO 137704 --- [main] o.apache.catalina.core.StandardService   : Starting service [Tomcat]
2018-12-02 20:20:52.154  INFO 137704 --- [main] org.apache.catalina.core.StandardEngine  : Starting Servlet Engine: Apache Tomcat/9.0.12
2018-12-02 20:20:52.165  INFO 137704 --- [main] o.a.catalina.core.AprLifecycleListener   : The APR based Apache Tomcat Native library which allows optimal performance in production environments was not found on the java.library.path: [C:\Program Files\Java\jdk1.8.0_92\bin;C:\WINDOWS\Sun\Java\bin;C:\WINDOWS\system32;C:\WINDOWS;C:\ProgramData\Oracle\Java\javapath;C:\Program Files (x86)\Intel\iCLS Client\;C:\Program Files\Intel\iCLS Client\;C:\WINDOWS\system32;C:\WINDOWS;C:\WINDOWS\System32\Wbem;C:\WINDOWS\System32\WindowsPowerShell\v1.0\;C:\Program Files (x86)\Intel\Intel(R) Management Engine Components\DAL;C:\Program Files\Intel\Intel(R) Management Engine Components\DAL;C:\Program Files (x86)\Intel\Intel(R) Management Engine Components\IPT;C:\Program Files\Intel\Intel(R) Management Engine Components\IPT;C:\Program Files (x86)\ATI Technologies\ATI.ACE\Core-Static;C:\Program Files (x86)\Common Files\lenovo\easyplussdk\bin;C:\Program Files (x86)\AOMEI Backupper 2.1;C:\Program Files\Java\jdk1.8.0_92\bin;E:\JavaDev\apache-maven-3.1.1\bin;D:\gradle-2.14-all\gradle-2.14\bin;E:\installed\svn\bin;%MYSQL_HOME%\bin;C:\Program Files\MySQL\MySQL Utilities 1.6\;C:\Program Files\Intel\WiFi\bin\;C:\Program Files\Common Files\Intel\WirelessCommon\;C:\Program Files\MySQL\MySQL Server 6.0\bin;C:\WINDOWS\System32\OpenSSH\;E:\installed\Git\cmd;E:\installed\Ruby23-x64\bin;E:\JavaDev\Tesseract-OCR;C:\Users\Smile.Li\AppData\Local\Microsoft\WindowsApps;;.]
2018-12-02 20:20:52.358  INFO 137704 --- [main] o.a.c.c.C.[Tomcat].[localhost].[/web]    : Initializing Spring embedded WebApplicationContext
2018-12-02 20:20:52.358  INFO 137704 --- [main] o.s.web.context.ContextLoader            : Root WebApplicationContext: initialization completed in 2861 ms
2018-12-02 20:20:52.910  INFO 137704 --- [main] o.s.b.w.servlet.FilterRegistrationBean   : Mapping filter: 'characterEncodingFilter' to: [/*]
2018-12-02 20:20:52.911  INFO 137704 --- [main] o.s.b.w.servlet.FilterRegistrationBean   : Mapping filter: 'sessionRepositoryFilter' to: [/*]
2018-12-02 20:20:52.911  INFO 137704 --- [main] o.s.b.w.servlet.FilterRegistrationBean   : Mapping filter: 'hiddenHttpMethodFilter' to: [/*]
2018-12-02 20:20:52.911  INFO 137704 --- [main] o.s.b.w.servlet.FilterRegistrationBean   : Mapping filter: 'formContentFilter' to: [/*]
2018-12-02 20:20:52.912  INFO 137704 --- [main] o.s.b.w.servlet.FilterRegistrationBean   : Mapping filter: 'requestContextFilter' to: [/*]
2018-12-02 20:20:52.913  INFO 137704 --- [main] .s.DelegatingFilterProxyRegistrationBean : Mapping filter: 'springSecurityFilterChain' to: [/*]
2018-12-02 20:20:52.913  INFO 137704 --- [main] o.s.b.w.servlet.ServletRegistrationBean  : Servlet dispatcherServlet mapped to [/]
2018-12-02 20:20:53.563  INFO 137704 --- [main] io.lettuce.core.EpollProvider            : Starting without optional epoll library
2018-12-02 20:20:53.565  INFO 137704 --- [main] io.lettuce.core.KqueueProvider           : Starting without optional kqueue library
2018-12-02 20:20:54.473  INFO 137704 --- [main] o.s.s.web.DefaultSecurityFilterChain     : Creating filter chain: Ant [pattern='/static/**'], []
2018-12-02 20:20:54.521  INFO 137704 --- [main] o.s.s.web.DefaultSecurityFilterChain     : Creating filter chain: any request, [org.springframework.security.web.context.request.async.WebAsyncManagerIntegrationFilter@5b7aa898, org.springframework.security.web.context.SecurityContextPersistenceFilter@575b5f7d, org.springframework.security.web.header.HeaderWriterFilter@59c70ceb, org.springframework.security.web.csrf.CsrfFilter@6a756082, org.springframework.security.web.authentication.logout.LogoutFilter@3f36e8d1, org.springframework.security.web.authentication.UsernamePasswordAuthenticationFilter@717d7587, org.springframework.security.web.savedrequest.RequestCacheAwareFilter@7165d530, org.springframework.security.web.servletapi.SecurityContextHolderAwareRequestFilter@9b76b60, org.springframework.security.web.authentication.AnonymousAuthenticationFilter@41b13f3d, org.springframework.security.web.session.SessionManagementFilter@64f981e2, org.springframework.security.web.access.ExceptionTranslationFilter@6ee99964, org.springframework.security.web.access.intercept.FilterSecurityInterceptor@5807efad]
2018-12-02 20:20:54.737  INFO 137704 --- [main] o.s.s.concurrent.ThreadPoolTaskExecutor  : Initializing ExecutorService 'applicationTaskExecutor'
2018-12-02 20:20:54.914  INFO 137704 --- [main] o.s.b.a.w.s.WelcomePageHandlerMapping    : Adding welcome page template: index
2018-12-02 20:20:55.851  INFO 137704 --- [main] s.a.ScheduledAnnotationBeanPostProcessor : No TaskScheduler/ScheduledExecutorService bean found for scheduled processing
2018-12-02 20:20:55.883  INFO 137704 --- [main] o.s.b.w.embedded.tomcat.TomcatWebServer  : Tomcat started on port(s): 8080 (http) with context path '/web'
2018-12-02 20:20:55.889  INFO 137704 --- [main] c.l.singledsweb.SingledswebApplication   : Started SingledswebApplication in 7.802 seconds (JVM running for 9.451)
2018-12-02 20:21:44.413  INFO 137704 --- [http-nio-8080-exec-1] o.a.c.c.C.[Tomcat].[localhost].[/web]    : Initializing Spring DispatcherServlet 'dispatcherServlet'
2018-12-02 20:21:44.413  INFO 137704 --- [http-nio-8080-exec-1] o.s.web.servlet.DispatcherServlet        : Initializing Servlet 'dispatcherServlet'
2018-12-02 20:21:44.425  INFO 137704 --- [http-nio-8080-exec-1] o.s.web.servlet.DispatcherServlet        : Completed initialization in 12 ms
2018-12-02 20:22:15.394  INFO 137704 --- [http-nio-8080-exec-8] com.alibaba.druid.pool.DruidDataSource   : {dataSource-1} inited
2018-12-02 21:05:36.137  INFO 90932 --- [main] c.l.singledsweb.SingledswebApplication   : Starting SingledswebApplication on DESKTOP-5DGV3M5 with PID 90932 (E:\JavaDev\ij_android_sp\LarkClond\Demo\singledsweb\target\classes started by Smile.Li in E:\JavaDev\ij_android_sp\LarkClond)
2018-12-02 21:05:36.140  INFO 90932 --- [main] c.l.singledsweb.SingledswebApplication   : The following profiles are active: dev
2018-12-02 21:05:37.986  INFO 90932 --- [main] .s.d.r.c.RepositoryConfigurationDelegate : Multiple Spring Data modules found, entering strict repository configuration mode!
2018-12-02 21:05:37.991  INFO 90932 --- [main] .s.d.r.c.RepositoryConfigurationDelegate : Bootstrapping Spring Data repositories in DEFAULT mode.
2018-12-02 21:05:38.039  INFO 90932 --- [main] .s.d.r.c.RepositoryConfigurationDelegate : Finished Spring Data repository scanning in 25ms. Found 0 repository interfaces.
2018-12-02 21:05:38.538  INFO 90932 --- [main] trationDelegate$BeanPostProcessorChecker : Bean 'org.springframework.transaction.annotation.ProxyTransactionManagementConfiguration' of type [org.springframework.transaction.annotation.ProxyTransactionManagementConfiguration$$EnhancerBySpringCGLIB$$20e3bf9c] is not eligible for getting processed by all BeanPostProcessors (for example: not eligible for auto-proxying)
2018-12-02 21:05:38.987  INFO 90932 --- [main] o.s.b.w.embedded.tomcat.TomcatWebServer  : Tomcat initialized with port(s): 8080 (http)
2018-12-02 21:05:39.014  INFO 90932 --- [main] o.apache.catalina.core.StandardService   : Starting service [Tomcat]
2018-12-02 21:05:39.015  INFO 90932 --- [main] org.apache.catalina.core.StandardEngine  : Starting Servlet Engine: Apache Tomcat/9.0.12
2018-12-02 21:05:39.025  INFO 90932 --- [main] o.a.catalina.core.AprLifecycleListener   : The APR based Apache Tomcat Native library which allows optimal performance in production environments was not found on the java.library.path: [C:\Program Files\Java\jdk1.8.0_92\bin;C:\WINDOWS\Sun\Java\bin;C:\WINDOWS\system32;C:\WINDOWS;C:\ProgramData\Oracle\Java\javapath;C:\Program Files (x86)\Intel\iCLS Client\;C:\Program Files\Intel\iCLS Client\;C:\WINDOWS\system32;C:\WINDOWS;C:\WINDOWS\System32\Wbem;C:\WINDOWS\System32\WindowsPowerShell\v1.0\;C:\Program Files (x86)\Intel\Intel(R) Management Engine Components\DAL;C:\Program Files\Intel\Intel(R) Management Engine Components\DAL;C:\Program Files (x86)\Intel\Intel(R) Management Engine Components\IPT;C:\Program Files\Intel\Intel(R) Management Engine Components\IPT;C:\Program Files (x86)\ATI Technologies\ATI.ACE\Core-Static;C:\Program Files (x86)\Common Files\lenovo\easyplussdk\bin;C:\Program Files (x86)\AOMEI Backupper 2.1;C:\Program Files\Java\jdk1.8.0_92\bin;E:\JavaDev\apache-maven-3.1.1\bin;D:\gradle-2.14-all\gradle-2.14\bin;E:\installed\svn\bin;%MYSQL_HOME%\bin;C:\Program Files\MySQL\MySQL Utilities 1.6\;C:\Program Files\Intel\WiFi\bin\;C:\Program Files\Common Files\Intel\WirelessCommon\;C:\Program Files\MySQL\MySQL Server 6.0\bin;C:\WINDOWS\System32\OpenSSH\;E:\installed\Git\cmd;E:\installed\Ruby23-x64\bin;E:\JavaDev\Tesseract-OCR;C:\Users\Smile.Li\AppData\Local\Microsoft\WindowsApps;;.]
2018-12-02 21:05:39.229  INFO 90932 --- [main] o.a.c.c.C.[Tomcat].[localhost].[/web]    : Initializing Spring embedded WebApplicationContext
2018-12-02 21:05:39.230  INFO 90932 --- [main] o.s.web.context.ContextLoader            : Root WebApplicationContext: initialization completed in 3017 ms
2018-12-02 21:05:39.766  INFO 90932 --- [main] o.s.b.w.servlet.FilterRegistrationBean   : Mapping filter: 'characterEncodingFilter' to: [/*]
2018-12-02 21:05:39.766  INFO 90932 --- [main] o.s.b.w.servlet.FilterRegistrationBean   : Mapping filter: 'sessionRepositoryFilter' to: [/*]
2018-12-02 21:05:39.766  INFO 90932 --- [main] o.s.b.w.servlet.FilterRegistrationBean   : Mapping filter: 'hiddenHttpMethodFilter' to: [/*]
2018-12-02 21:05:39.766  INFO 90932 --- [main] o.s.b.w.servlet.FilterRegistrationBean   : Mapping filter: 'formContentFilter' to: [/*]
2018-12-02 21:05:39.767  INFO 90932 --- [main] o.s.b.w.servlet.FilterRegistrationBean   : Mapping filter: 'requestContextFilter' to: [/*]
2018-12-02 21:05:39.767  INFO 90932 --- [main] .s.DelegatingFilterProxyRegistrationBean : Mapping filter: 'springSecurityFilterChain' to: [/*]
2018-12-02 21:05:39.768  INFO 90932 --- [main] o.s.b.w.servlet.ServletRegistrationBean  : Servlet dispatcherServlet mapped to [/]
2018-12-02 21:05:40.408  INFO 90932 --- [main] io.lettuce.core.EpollProvider            : Starting without optional epoll library
2018-12-02 21:05:40.411  INFO 90932 --- [main] io.lettuce.core.KqueueProvider           : Starting without optional kqueue library
2018-12-02 21:05:41.328  INFO 90932 --- [main] o.s.s.web.DefaultSecurityFilterChain     : Creating filter chain: Ant [pattern='/static/**'], []
2018-12-02 21:05:41.386  INFO 90932 --- [main] o.s.s.web.DefaultSecurityFilterChain     : Creating filter chain: any request, [org.springframework.security.web.context.request.async.WebAsyncManagerIntegrationFilter@7d21852b, org.springframework.security.web.context.SecurityContextPersistenceFilter@70c69586, org.springframework.security.web.header.HeaderWriterFilter@2fd954f, org.springframework.security.web.csrf.CsrfFilter@7ce85af2, org.springframework.security.web.authentication.logout.LogoutFilter@338766de, org.springframework.security.web.authentication.UsernamePasswordAuthenticationFilter@2e26173, org.springframework.security.web.savedrequest.RequestCacheAwareFilter@7e9f2c32, org.springframework.security.web.servletapi.SecurityContextHolderAwareRequestFilter@5a49af50, org.springframework.security.web.authentication.AnonymousAuthenticationFilter@6cd98a05, org.springframework.security.web.session.SessionManagementFilter@6a0f2853, org.springframework.security.web.access.ExceptionTranslationFilter@4e642ee1, org.springframework.security.web.access.intercept.FilterSecurityInterceptor@346f41a9]
2018-12-02 21:05:41.642  INFO 90932 --- [main] o.s.s.concurrent.ThreadPoolTaskExecutor  : Initializing ExecutorService 'applicationTaskExecutor'
2018-12-02 21:05:41.816  INFO 90932 --- [main] o.s.b.a.w.s.WelcomePageHandlerMapping    : Adding welcome page template: index
2018-12-02 21:05:42.741  INFO 90932 --- [main] s.a.ScheduledAnnotationBeanPostProcessor : No TaskScheduler/ScheduledExecutorService bean found for scheduled processing
2018-12-02 21:05:42.779  INFO 90932 --- [main] o.s.b.w.embedded.tomcat.TomcatWebServer  : Tomcat started on port(s): 8080 (http) with context path '/web'
2018-12-02 21:05:42.783  INFO 90932 --- [main] c.l.singledsweb.SingledswebApplication   : Started SingledswebApplication in 7.721 seconds (JVM running for 9.613)
