2018-11-26 22:25:01.430  INFO 54028 --- [main] c.l.singledsweb.SingledswebApplication   : Starting SingledswebApplication on DESKTOP-5DGV3M5 with PID 54028 (E:\JavaDev\ij_android_sp\LarkClond\out\artifacts\LarkClond_jar\LarkClond.jar started by Smile.Li in E:\JavaDev\ij_android_sp\LarkClond\out\artifacts\LarkClond_jar)
2018-11-26 22:25:01.468  INFO 54028 --- [main] c.l.singledsweb.SingledswebApplication   : The following profiles are active: dev
2018-11-26 22:25:02.867  INFO 54028 --- [main] .s.d.r.c.RepositoryConfigurationDelegate : Multiple Spring Data modules found, entering strict repository configuration mode!
2018-11-26 22:25:02.873  INFO 54028 --- [main] .s.d.r.c.RepositoryConfigurationDelegate : Bootstrapping Spring Data repositories in DEFAULT mode.
2018-11-26 22:25:02.923  INFO 54028 --- [main] .s.d.r.c.RepositoryConfigurationDelegate : Finished Spring Data repository scanning in 27ms. Found 0 repository interfaces.
2018-11-26 22:25:03.604  INFO 54028 --- [main] trationDelegate$BeanPostProcessorChecker : Bean 'org.springframework.transaction.annotation.ProxyTransactionManagementConfiguration' of type [org.springframework.transaction.annotation.ProxyTransactionManagementConfiguration$$EnhancerBySpringCGLIB$$90178880] is not eligible for getting processed by all BeanPostProcessors (for example: not eligible for auto-proxying)
2018-11-26 22:25:04.717  INFO 54028 --- [main] o.s.b.w.embedded.tomcat.TomcatWebServer  : Tomcat initialized with port(s): 8081 (http)
2018-11-26 22:25:04.775  INFO 54028 --- [main] o.apache.catalina.core.StandardService   : Starting service [Tomcat]
2018-11-26 22:25:04.775  INFO 54028 --- [main] org.apache.catalina.core.StandardEngine  : Starting Servlet Engine: Apache Tomcat/9.0.12
2018-11-26 22:25:04.797  INFO 54028 --- [main] o.a.catalina.core.AprLifecycleListener   : The APR based Apache Tomcat Native library which allows optimal performance in production environments was not found on the java.library.path: [C:\ProgramData\Oracle\Java\javapath;C:\WINDOWS\Sun\Java\bin;C:\WINDOWS\system32;C:\WINDOWS;C:\ProgramData\Oracle\Java\javapath;C:\Program Files (x86)\Intel\iCLS Client\;C:\Program Files\Intel\iCLS Client\;C:\WINDOWS\system32;C:\WINDOWS;C:\WINDOWS\System32\Wbem;C:\WINDOWS\System32\WindowsPowerShell\v1.0\;C:\Program Files (x86)\Intel\Intel(R) Management Engine Components\DAL;C:\Program Files\Intel\Intel(R) Management Engine Components\DAL;C:\Program Files (x86)\Intel\Intel(R) Management Engine Components\IPT;C:\Program Files\Intel\Intel(R) Management Engine Components\IPT;C:\Program Files (x86)\ATI Technologies\ATI.ACE\Core-Static;C:\Program Files (x86)\Common Files\lenovo\easyplussdk\bin;C:\Program Files (x86)\AOMEI Backupper 2.1;C:\Program Files\Java\jdk1.8.0_92\bin;E:\JavaDev\apache-maven-3.1.1\bin;D:\gradle-2.14-all\gradle-2.14\bin;E:\installed\svn\bin;%MYSQL_HOME%\bin;C:\Program Files\MySQL\MySQL Utilities 1.6\;C:\Program Files\Intel\WiFi\bin\;C:\Program Files\Common Files\Intel\WirelessCommon\;C:\Program Files\MySQL\MySQL Server 6.0\bin;C:\WINDOWS\System32\OpenSSH\;E:\installed\Git\cmd;E:\installed\Ruby23-x64\bin;E:\JavaDev\Tesseract-OCR;C:\Users\Smile.Li\AppData\Local\Microsoft\WindowsApps;;.]
2018-11-26 22:25:05.122  INFO 54028 --- [main] o.a.c.c.C.[Tomcat].[localhost].[/web]    : Initializing Spring embedded WebApplicationContext
2018-11-26 22:25:05.123  INFO 54028 --- [main] o.s.web.context.ContextLoader            : Root WebApplicationContext: initialization completed in 3577 ms
2018-11-26 22:25:05.764  INFO 54028 --- [main] o.s.b.w.servlet.FilterRegistrationBean   : Mapping filter: 'characterEncodingFilter' to: [/*]
2018-11-26 22:25:05.767  INFO 54028 --- [main] o.s.b.w.servlet.FilterRegistrationBean   : Mapping filter: 'sessionRepositoryFilter' to: [/*]
2018-11-26 22:25:05.768  INFO 54028 --- [main] o.s.b.w.servlet.FilterRegistrationBean   : Mapping filter: 'hiddenHttpMethodFilter' to: [/*]
2018-11-26 22:25:05.770  INFO 54028 --- [main] o.s.b.w.servlet.FilterRegistrationBean   : Mapping filter: 'formContentFilter' to: [/*]
2018-11-26 22:25:05.773  INFO 54028 --- [main] o.s.b.w.servlet.FilterRegistrationBean   : Mapping filter: 'requestContextFilter' to: [/*]
2018-11-26 22:25:05.776  INFO 54028 --- [main] .s.DelegatingFilterProxyRegistrationBean : Mapping filter: 'springSecurityFilterChain' to: [/*]
2018-11-26 22:25:05.778  INFO 54028 --- [main] o.s.b.w.servlet.ServletRegistrationBean  : Servlet dispatcherServlet mapped to [/]
2018-11-26 22:25:06.812  INFO 54028 --- [main] io.lettuce.core.EpollProvider            : Starting without optional epoll library
2018-11-26 22:25:06.816  INFO 54028 --- [main] io.lettuce.core.KqueueProvider           : Starting without optional kqueue library
2018-11-26 22:25:07.904  INFO 54028 --- [main] o.s.s.web.DefaultSecurityFilterChain     : Creating filter chain: Ant [pattern='/static/**'], []
2018-11-26 22:25:07.955  INFO 54028 --- [main] o.s.s.web.DefaultSecurityFilterChain     : Creating filter chain: any request, [org.springframework.security.web.context.request.async.WebAsyncManagerIntegrationFilter@2251b3bc, org.springframework.security.web.context.SecurityContextPersistenceFilter@77f4c040, org.springframework.security.web.header.HeaderWriterFilter@2173a742, org.springframework.security.web.csrf.CsrfFilter@1039bfc4, org.springframework.security.web.authentication.logout.LogoutFilter@7364eed1, org.springframework.security.web.authentication.UsernamePasswordAuthenticationFilter@7a9ceddf, org.springframework.security.web.savedrequest.RequestCacheAwareFilter@6a15b73, org.springframework.security.web.servletapi.SecurityContextHolderAwareRequestFilter@39dec536, org.springframework.security.web.authentication.AnonymousAuthenticationFilter@3fbe503c, org.springframework.security.web.session.SessionManagementFilter@7f6329cb, org.springframework.security.web.access.ExceptionTranslationFilter@671d03bb, org.springframework.security.web.access.intercept.FilterSecurityInterceptor@7fda2001]
2018-11-26 22:25:08.199  INFO 54028 --- [main] o.s.s.concurrent.ThreadPoolTaskExecutor  : Initializing ExecutorService 'applicationTaskExecutor'
2018-11-26 22:25:08.562  INFO 54028 --- [main] o.s.b.a.w.s.WelcomePageHandlerMapping    : Adding welcome page template: index
2018-11-26 22:25:09.598  INFO 54028 --- [main] s.a.ScheduledAnnotationBeanPostProcessor : No TaskScheduler/ScheduledExecutorService bean found for scheduled processing
2018-11-26 22:25:09.643  INFO 54028 --- [main] o.s.b.w.embedded.tomcat.TomcatWebServer  : Tomcat started on port(s): 8081 (http) with context path '/web'
2018-11-26 22:25:09.652  INFO 54028 --- [main] c.l.singledsweb.SingledswebApplication   : Started SingledswebApplication in 8.828 seconds (JVM running for 9.631)
2018-11-26 22:25:24.763  INFO 54028 --- [http-nio-8081-exec-3] o.a.c.c.C.[Tomcat].[localhost].[/web]    : Initializing Spring DispatcherServlet 'dispatcherServlet'
2018-11-26 22:25:24.764  INFO 54028 --- [http-nio-8081-exec-3] o.s.web.servlet.DispatcherServlet        : Initializing Servlet 'dispatcherServlet'
2018-11-26 22:25:24.776  INFO 54028 --- [http-nio-8081-exec-3] o.s.web.servlet.DispatcherServlet        : Completed initialization in 11 ms
2018-11-26 22:26:09.882  INFO 54028 --- [http-nio-8081-exec-7] com.alibaba.druid.pool.DruidDataSource   : {dataSource-1} inited
2018-11-26 22:36:43.021  INFO 54028 --- [Thread-4] o.s.s.concurrent.ThreadPoolTaskExecutor  : Shutting down ExecutorService 'applicationTaskExecutor'
2018-11-26 22:36:43.027  INFO 54028 --- [Thread-4] com.alibaba.druid.pool.DruidDataSource   : {dataSource-1} closed
2018-11-26 22:36:49.911  INFO 73676 --- [main] c.l.singledsweb.SingledswebApplication   : Starting SingledswebApplication on DESKTOP-5DGV3M5 with PID 73676 (E:\JavaDev\ij_android_sp\LarkClond\out\artifacts\LarkClond_jar\LarkClond.jar started by Smile.Li in E:\JavaDev\ij_android_sp\LarkClond\out\artifacts\LarkClond_jar)
2018-11-26 22:36:49.918  INFO 73676 --- [main] c.l.singledsweb.SingledswebApplication   : The following profiles are active: dev
2018-11-26 22:36:51.137  INFO 73676 --- [main] .s.d.r.c.RepositoryConfigurationDelegate : Multiple Spring Data modules found, entering strict repository configuration mode!
2018-11-26 22:36:51.146  INFO 73676 --- [main] .s.d.r.c.RepositoryConfigurationDelegate : Bootstrapping Spring Data repositories in DEFAULT mode.
2018-11-26 22:36:51.194  INFO 73676 --- [main] .s.d.r.c.RepositoryConfigurationDelegate : Finished Spring Data repository scanning in 26ms. Found 0 repository interfaces.
2018-11-26 22:36:51.880  INFO 73676 --- [main] trationDelegate$BeanPostProcessorChecker : Bean 'org.springframework.transaction.annotation.ProxyTransactionManagementConfiguration' of type [org.springframework.transaction.annotation.ProxyTransactionManagementConfiguration$$EnhancerBySpringCGLIB$$a19ca324] is not eligible for getting processed by all BeanPostProcessors (for example: not eligible for auto-proxying)
2018-11-26 22:36:52.728  INFO 73676 --- [main] o.s.b.w.embedded.tomcat.TomcatWebServer  : Tomcat initialized with port(s): 8081 (http)
2018-11-26 22:36:52.768  INFO 73676 --- [main] o.apache.catalina.core.StandardService   : Starting service [Tomcat]
2018-11-26 22:36:52.770  INFO 73676 --- [main] org.apache.catalina.core.StandardEngine  : Starting Servlet Engine: Apache Tomcat/9.0.12
2018-11-26 22:36:52.793  INFO 73676 --- [main] o.a.catalina.core.AprLifecycleListener   : The APR based Apache Tomcat Native library which allows optimal performance in production environments was not found on the java.library.path: [C:\ProgramData\Oracle\Java\javapath;C:\WINDOWS\Sun\Java\bin;C:\WINDOWS\system32;C:\WINDOWS;C:\ProgramData\Oracle\Java\javapath;C:\Program Files (x86)\Intel\iCLS Client\;C:\Program Files\Intel\iCLS Client\;C:\WINDOWS\system32;C:\WINDOWS;C:\WINDOWS\System32\Wbem;C:\WINDOWS\System32\WindowsPowerShell\v1.0\;C:\Program Files (x86)\Intel\Intel(R) Management Engine Components\DAL;C:\Program Files\Intel\Intel(R) Management Engine Components\DAL;C:\Program Files (x86)\Intel\Intel(R) Management Engine Components\IPT;C:\Program Files\Intel\Intel(R) Management Engine Components\IPT;C:\Program Files (x86)\ATI Technologies\ATI.ACE\Core-Static;C:\Program Files (x86)\Common Files\lenovo\easyplussdk\bin;C:\Program Files (x86)\AOMEI Backupper 2.1;C:\Program Files\Java\jdk1.8.0_92\bin;E:\JavaDev\apache-maven-3.1.1\bin;D:\gradle-2.14-all\gradle-2.14\bin;E:\installed\svn\bin;%MYSQL_HOME%\bin;C:\Program Files\MySQL\MySQL Utilities 1.6\;C:\Program Files\Intel\WiFi\bin\;C:\Program Files\Common Files\Intel\WirelessCommon\;C:\Program Files\MySQL\MySQL Server 6.0\bin;C:\WINDOWS\System32\OpenSSH\;E:\installed\Git\cmd;E:\installed\Ruby23-x64\bin;E:\JavaDev\Tesseract-OCR;C:\Users\Smile.Li\AppData\Local\Microsoft\WindowsApps;;.]
2018-11-26 22:36:52.931  INFO 73676 --- [main] o.a.c.c.C.[Tomcat].[localhost].[/web]    : Initializing Spring embedded WebApplicationContext
2018-11-26 22:36:52.935  INFO 73676 --- [main] o.s.web.context.ContextLoader            : Root WebApplicationContext: initialization completed in 2944 ms
2018-11-26 22:36:53.608  INFO 73676 --- [main] o.s.b.w.servlet.FilterRegistrationBean   : Mapping filter: 'characterEncodingFilter' to: [/*]
2018-11-26 22:36:53.611  INFO 73676 --- [main] o.s.b.w.servlet.FilterRegistrationBean   : Mapping filter: 'sessionRepositoryFilter' to: [/*]
2018-11-26 22:36:53.613  INFO 73676 --- [main] o.s.b.w.servlet.FilterRegistrationBean   : Mapping filter: 'hiddenHttpMethodFilter' to: [/*]
2018-11-26 22:36:53.615  INFO 73676 --- [main] o.s.b.w.servlet.FilterRegistrationBean   : Mapping filter: 'formContentFilter' to: [/*]
2018-11-26 22:36:53.617  INFO 73676 --- [main] o.s.b.w.servlet.FilterRegistrationBean   : Mapping filter: 'requestContextFilter' to: [/*]
2018-11-26 22:36:53.623  INFO 73676 --- [main] .s.DelegatingFilterProxyRegistrationBean : Mapping filter: 'springSecurityFilterChain' to: [/*]
2018-11-26 22:36:53.625  INFO 73676 --- [main] o.s.b.w.servlet.ServletRegistrationBean  : Servlet dispatcherServlet mapped to [/]
2018-11-26 22:36:54.336  INFO 73676 --- [main] io.lettuce.core.EpollProvider            : Starting without optional epoll library
2018-11-26 22:36:54.341  INFO 73676 --- [main] io.lettuce.core.KqueueProvider           : Starting without optional kqueue library
2018-11-26 22:36:55.220  INFO 73676 --- [main] o.s.s.web.DefaultSecurityFilterChain     : Creating filter chain: Ant [pattern='/static/**'], []
2018-11-26 22:36:55.283  INFO 73676 --- [main] o.s.s.web.DefaultSecurityFilterChain     : Creating filter chain: any request, [org.springframework.security.web.context.request.async.WebAsyncManagerIntegrationFilter@3a4aadf8, org.springframework.security.web.context.SecurityContextPersistenceFilter@79e7188e, org.springframework.security.web.header.HeaderWriterFilter@684e8c9d, org.springframework.security.web.csrf.CsrfFilter@2173a742, org.springframework.security.web.authentication.logout.LogoutFilter@270a620, org.springframework.security.web.authentication.UsernamePasswordAuthenticationFilter@2287395, org.springframework.security.web.savedrequest.RequestCacheAwareFilter@7fedb795, org.springframework.security.web.servletapi.SecurityContextHolderAwareRequestFilter@61bb1e4d, org.springframework.security.web.authentication.AnonymousAuthenticationFilter@7bbfc5ff, org.springframework.security.web.session.SessionManagementFilter@31973858, org.springframework.security.web.access.ExceptionTranslationFilter@3cdc7b09, org.springframework.security.web.access.intercept.FilterSecurityInterceptor@18dd5ed3]
2018-11-26 22:36:55.539  INFO 73676 --- [main] o.s.s.concurrent.ThreadPoolTaskExecutor  : Initializing ExecutorService 'applicationTaskExecutor'
2018-11-26 22:36:55.883  INFO 73676 --- [main] o.s.b.a.w.s.WelcomePageHandlerMapping    : Adding welcome page template: index
2018-11-26 22:36:56.842  INFO 73676 --- [main] s.a.ScheduledAnnotationBeanPostProcessor : No TaskScheduler/ScheduledExecutorService bean found for scheduled processing
2018-11-26 22:36:56.882  INFO 73676 --- [main] o.s.b.w.embedded.tomcat.TomcatWebServer  : Tomcat started on port(s): 8081 (http) with context path '/web'
2018-11-26 22:36:56.888  INFO 73676 --- [main] c.l.singledsweb.SingledswebApplication   : Started SingledswebApplication in 7.621 seconds (JVM running for 8.191)
